\BOOKMARK [0][-]{chapter.1}{\376\377\000M\000S\000-\000C\000H\000A\000R\000A\000C\000-\000B\000A\000C\000K}{}% 1
\BOOKMARK [1][-]{section.1.1}{\376\377\000a\000p\000p\000\040\000p\000a\000c\000k\000a\000g\000e}{chapter.1}% 2
\BOOKMARK [2][-]{subsection.1.1.1}{\376\377\000S\000u\000b\000p\000a\000c\000k\000a\000g\000e\000s}{section.1.1}% 3
\BOOKMARK [3][-]{subsubsection*.3}{\376\377\000a\000p\000p\000.\000m\000i\000g\000r\000a\000t\000i\000o\000n\000s\000\040\000p\000a\000c\000k\000a\000g\000e}{subsection.1.1.1}% 4
\BOOKMARK [4][-]{paragraph*.4}{\376\377\000S\000u\000b\000m\000o\000d\000u\000l\000e\000s}{subsubsection*.3}% 5
\BOOKMARK [4][-]{paragraph*.5}{\376\377\000a\000p\000p\000.\000m\000i\000g\000r\000a\000t\000i\000o\000n\000s\000.\0000\0000\0000\0001\000\137\000i\000n\000i\000t\000i\000a\000l\000\040\000m\000o\000d\000u\000l\000e}{subsubsection*.3}% 6
\BOOKMARK [4][-]{paragraph*.10}{\376\377\000M\000o\000d\000u\000l\000e\000\040\000c\000o\000n\000t\000e\000n\000t\000s}{subsubsection*.3}% 7
\BOOKMARK [2][-]{subsection.1.1.2}{\376\377\000S\000u\000b\000m\000o\000d\000u\000l\000e\000s}{section.1.1}% 8
\BOOKMARK [2][-]{subsection.1.1.3}{\376\377\000a\000p\000p\000.\000a\000d\000m\000i\000n\000\040\000m\000o\000d\000u\000l\000e}{section.1.1}% 9
\BOOKMARK [2][-]{subsection.1.1.4}{\376\377\000a\000p\000p\000.\000a\000p\000p\000s\000\040\000m\000o\000d\000u\000l\000e}{section.1.1}% 10
\BOOKMARK [2][-]{subsection.1.1.5}{\376\377\000a\000p\000p\000.\000m\000a\000n\000a\000g\000e\000\040\000m\000o\000d\000u\000l\000e}{section.1.1}% 11
\BOOKMARK [2][-]{subsection.1.1.6}{\376\377\000a\000p\000p\000.\000m\000o\000d\000e\000l\000s\000\040\000m\000o\000d\000u\000l\000e}{section.1.1}% 12
\BOOKMARK [2][-]{subsection.1.1.7}{\376\377\000a\000p\000p\000.\000s\000i\000g\000n\000a\000l\000s\000\040\000m\000o\000d\000u\000l\000e}{section.1.1}% 13
\BOOKMARK [2][-]{subsection.1.1.8}{\376\377\000a\000p\000p\000.\000t\000e\000s\000t\000s\000\040\000m\000o\000d\000u\000l\000e}{section.1.1}% 14
\BOOKMARK [2][-]{subsection.1.1.9}{\376\377\000a\000p\000p\000.\000u\000r\000l\000s\000\040\000m\000o\000d\000u\000l\000e}{section.1.1}% 15
\BOOKMARK [2][-]{subsection.1.1.10}{\376\377\000a\000p\000p\000.\000v\000i\000e\000w\000s\000\040\000m\000o\000d\000u\000l\000e}{section.1.1}% 16
\BOOKMARK [2][-]{subsection.1.1.11}{\376\377\000M\000o\000d\000u\000l\000e\000\040\000c\000o\000n\000t\000e\000n\000t\000s}{section.1.1}% 17
\BOOKMARK [1][-]{section.1.2}{\376\377\000g\000e\000n\000e\000r\000a\000t\000e\000\137\000d\000o\000c\000u\000m\000e\000n\000t\000a\000t\000i\000o\000n\000\040\000p\000a\000c\000k\000a\000g\000e}{chapter.1}% 18
\BOOKMARK [2][-]{subsection.1.2.1}{\376\377\000S\000u\000b\000m\000o\000d\000u\000l\000e\000s}{section.1.2}% 19
\BOOKMARK [2][-]{subsection.1.2.2}{\376\377\000g\000e\000n\000e\000r\000a\000t\000e\000\137\000d\000o\000c\000u\000m\000e\000n\000t\000a\000t\000i\000o\000n\000.\000a\000d\000j\000u\000s\000t\000\137\000p\000a\000t\000h\000s\000\137\000r\000s\000t\000\040\000m\000o\000d\000u\000l\000e}{section.1.2}% 20
\BOOKMARK [2][-]{subsection.1.2.3}{\376\377\000g\000e\000n\000e\000r\000a\000t\000e\000\137\000d\000o\000c\000u\000m\000e\000n\000t\000a\000t\000i\000o\000n\000.\000m\000o\000d\000i\000f\000y\000\137\000c\000o\000n\000f\000\040\000m\000o\000d\000u\000l\000e}{section.1.2}% 21
\BOOKMARK [2][-]{subsection.1.2.4}{\376\377\000M\000o\000d\000u\000l\000e\000\040\000c\000o\000n\000t\000e\000n\000t\000s}{section.1.2}% 22
\BOOKMARK [1][-]{section.1.3}{\376\377\000m\000a\000p\000p\000i\000n\000g\000\040\000p\000a\000c\000k\000a\000g\000e}{chapter.1}% 23
\BOOKMARK [2][-]{subsection.1.3.1}{\376\377\000S\000u\000b\000m\000o\000d\000u\000l\000e\000s}{section.1.3}% 24
\BOOKMARK [2][-]{subsection.1.3.2}{\376\377\000m\000a\000p\000p\000i\000n\000g\000.\000a\000s\000g\000i\000\040\000m\000o\000d\000u\000l\000e}{section.1.3}% 25
\BOOKMARK [2][-]{subsection.1.3.3}{\376\377\000m\000a\000p\000p\000i\000n\000g\000.\000s\000e\000t\000t\000i\000n\000g\000s\000\040\000m\000o\000d\000u\000l\000e}{section.1.3}% 26
\BOOKMARK [2][-]{subsection.1.3.4}{\376\377\000m\000a\000p\000p\000i\000n\000g\000.\000u\000r\000l\000s\000\040\000m\000o\000d\000u\000l\000e}{section.1.3}% 27
\BOOKMARK [2][-]{subsection.1.3.5}{\376\377\000m\000a\000p\000p\000i\000n\000g\000.\000w\000s\000g\000i\000\040\000m\000o\000d\000u\000l\000e}{section.1.3}% 28
\BOOKMARK [2][-]{subsection.1.3.6}{\376\377\000M\000o\000d\000u\000l\000e\000\040\000c\000o\000n\000t\000e\000n\000t\000s}{section.1.3}% 29
\BOOKMARK [0][-]{chapter.2}{\376\377\000I\000n\000d\000i\000c\000e\000s\000\040\000a\000n\000d\000\040\000t\000a\000b\000l\000e\000s}{}% 30
\BOOKMARK [0][-]{section*.212}{\376\377\000P\000y\000t\000h\000o\000n\000\040\000M\000o\000d\000u\000l\000e\000\040\000I\000n\000d\000e\000x}{}% 31
\BOOKMARK [0][-]{section*.213}{\376\377\000I\000n\000d\000e\000x}{}% 32
